<?xml version="1.0" encoding="UTF-8"?>
<testng-results ignored="0" total="1" passed="1" failed="0" skipped="0">
  <reporter-output>
  </reporter-output>
  <suite started-at="2023-10-17T23:52:27 IST" name="Default suite" finished-at="2023-10-17T23:52:56 IST" duration-ms="28922">
    <groups>
    </groups>
    <test started-at="2023-10-17T23:52:27 IST" name="Default test" finished-at="2023-10-17T23:52:56 IST" duration-ms="28922">
      <class name="prajktaPrj.Checkout">
        <test-method is-config="true" signature="setup()[pri:0, instance:prajktaPrj.Checkout@3f6f6701]" started-at="2023-10-17T23:52:27 IST" name="setup" finished-at="2023-10-17T23:52:30 IST" duration-ms="2839" status="PASS">
          <reporter-output>
          </reporter-output>
        </test-method> <!-- setup -->
        <test-method signature="Checkout()[pri:4, instance:prajktaPrj.Checkout@3f6f6701]" started-at="2023-10-17T23:52:30 IST" name="Checkout" finished-at="2023-10-17T23:52:56 IST" duration-ms="26030" status="PASS">
          <reporter-output>
          </reporter-output>
        </test-method> <!-- Checkout -->
      </class> <!-- prajktaPrj.Checkout -->
    </test> <!-- Default test -->
  </suite> <!-- Default suite -->
</testng-results>
